\BOOKMARK [0][-]{chapter.1}{\376\377\000M\000a\000i\000n\000\040\000P\000a\000g\000e}{}
\BOOKMARK [1][-]{section.1.1}{\376\377\000I\000n\000t\000r\000o\000d\000u\000c\000t\000i\000o\000n}{chapter.1}
\BOOKMARK [1][-]{section.1.2}{\376\377\000C\000o\000n\000t\000a\000c\000t\000\040\000I\000n\000f\000o\000r\000m\000a\000t\000i\000o\000n}{chapter.1}
\BOOKMARK [1][-]{section.1.3}{\376\377\000L\000i\000c\000e\000n\000s\000i\000n\000g\000\040\000I\000n\000f\000o\000r\000m\000a\000t\000i\000o\000n}{chapter.1}
\BOOKMARK [0][-]{chapter.2}{\376\377\000T\000o\000d\000o\000\040\000L\000i\000s\000t}{}
\BOOKMARK [0][-]{chapter.3}{\376\377\000M\000o\000d\000u\000l\000e\000\040\000I\000n\000d\000e\000x}{}
\BOOKMARK [1][-]{section.3.1}{\376\377\000M\000o\000d\000u\000l\000e\000s}{chapter.3}
\BOOKMARK [0][-]{chapter.4}{\376\377\000F\000i\000l\000e\000\040\000I\000n\000d\000e\000x}{}
\BOOKMARK [1][-]{section.4.1}{\376\377\000F\000i\000l\000e\000\040\000L\000i\000s\000t}{chapter.4}
\BOOKMARK [0][-]{chapter.5}{\376\377\000M\000o\000d\000u\000l\000e\000\040\000D\000o\000c\000u\000m\000e\000n\000t\000a\000t\000i\000o\000n}{}
\BOOKMARK [1][-]{section.5.1}{\376\377\000I\000n\000i\000t\000i\000a\000l\000i\000s\000e\000/\000D\000e\000i\000n\000i\000t\000i\000a\000l\000i\000s\000e\000\040\000F\000u\000n\000c\000t\000i\000o\000n\000s}{chapter.5}
\BOOKMARK [2][-]{subsection.5.1.1}{\376\377\000D\000e\000t\000a\000i\000l\000e\000d\000\040\000D\000e\000s\000c\000r\000i\000p\000t\000i\000o\000n}{section.5.1}
\BOOKMARK [2][-]{subsection.5.1.2}{\376\377\000F\000u\000n\000c\000t\000i\000o\000n\000\040\000D\000o\000c\000u\000m\000e\000n\000t\000a\000t\000i\000o\000n}{section.5.1}
\BOOKMARK [3][-]{subsubsection.5.1.2.1}{\376\377\000c\000b\000u\000f\000f\000D\000e\000i\000n\000i\000t}{subsection.5.1.2}
\BOOKMARK [3][-]{subsubsection.5.1.2.2}{\376\377\000c\000b\000u\000f\000f\000I\000n\000i\000t}{subsection.5.1.2}
\BOOKMARK [1][-]{section.5.2}{\376\377\000C\000r\000e\000a\000t\000e\000/\000D\000e\000s\000t\000r\000o\000y\000\040\000F\000u\000n\000c\000t\000i\000o\000n\000s}{chapter.5}
\BOOKMARK [2][-]{subsection.5.2.1}{\376\377\000D\000e\000t\000a\000i\000l\000e\000d\000\040\000D\000e\000s\000c\000r\000i\000p\000t\000i\000o\000n}{section.5.2}
\BOOKMARK [2][-]{subsection.5.2.2}{\376\377\000F\000u\000n\000c\000t\000i\000o\000n\000\040\000D\000o\000c\000u\000m\000e\000n\000t\000a\000t\000i\000o\000n}{section.5.2}
\BOOKMARK [3][-]{subsubsection.5.2.2.1}{\376\377\000c\000b\000u\000f\000f\000C\000r\000e\000a\000t\000e}{subsection.5.2.2}
\BOOKMARK [3][-]{subsubsection.5.2.2.2}{\376\377\000c\000b\000u\000f\000f\000D\000e\000s\000t\000r\000o\000y}{subsection.5.2.2}
\BOOKMARK [1][-]{section.5.3}{\376\377\000O\000p\000e\000n\000/\000C\000l\000o\000s\000e\000\040\000F\000u\000n\000c\000t\000i\000o\000n\000s}{chapter.5}
\BOOKMARK [2][-]{subsection.5.3.1}{\376\377\000D\000e\000t\000a\000i\000l\000e\000d\000\040\000D\000e\000s\000c\000r\000i\000p\000t\000i\000o\000n}{section.5.3}
\BOOKMARK [2][-]{subsection.5.3.2}{\376\377\000F\000u\000n\000c\000t\000i\000o\000n\000\040\000D\000o\000c\000u\000m\000e\000n\000t\000a\000t\000i\000o\000n}{section.5.3}
\BOOKMARK [3][-]{subsubsection.5.3.2.1}{\376\377\000c\000b\000u\000f\000f\000C\000l\000o\000s\000e}{subsection.5.3.2}
\BOOKMARK [3][-]{subsubsection.5.3.2.2}{\376\377\000c\000b\000u\000f\000f\000O\000p\000e\000n}{subsection.5.3.2}
\BOOKMARK [1][-]{section.5.4}{\376\377\000P\000u\000t\000/\000G\000e\000t\000\040\000F\000u\000n\000c\000t\000i\000o\000n\000s}{chapter.5}
\BOOKMARK [2][-]{subsection.5.4.1}{\376\377\000D\000e\000t\000a\000i\000l\000e\000d\000\040\000D\000e\000s\000c\000r\000i\000p\000t\000i\000o\000n}{section.5.4}
\BOOKMARK [2][-]{subsection.5.4.2}{\376\377\000F\000u\000n\000c\000t\000i\000o\000n\000\040\000D\000o\000c\000u\000m\000e\000n\000t\000a\000t\000i\000o\000n}{section.5.4}
\BOOKMARK [3][-]{subsubsection.5.4.2.1}{\376\377\000c\000b\000u\000f\000f\000G\000e\000t\000A\000r\000r\000a\000y}{subsection.5.4.2}
\BOOKMARK [3][-]{subsubsection.5.4.2.2}{\376\377\000c\000b\000u\000f\000f\000G\000e\000t\000B\000y\000t\000e}{subsection.5.4.2}
\BOOKMARK [3][-]{subsubsection.5.4.2.3}{\376\377\000c\000b\000u\000f\000f\000P\000u\000t\000A\000r\000r\000a\000y}{subsection.5.4.2}
\BOOKMARK [3][-]{subsubsection.5.4.2.4}{\376\377\000c\000b\000u\000f\000f\000P\000u\000t\000B\000y\000t\000e}{subsection.5.4.2}
\BOOKMARK [1][-]{section.5.5}{\376\377\000S\000p\000a\000c\000e\000/\000F\000i\000l\000l\000\040\000F\000u\000n\000c\000t\000i\000o\000n\000s}{chapter.5}
\BOOKMARK [2][-]{subsection.5.5.1}{\376\377\000D\000e\000t\000a\000i\000l\000e\000d\000\040\000D\000e\000s\000c\000r\000i\000p\000t\000i\000o\000n}{section.5.5}
\BOOKMARK [2][-]{subsection.5.5.2}{\376\377\000F\000u\000n\000c\000t\000i\000o\000n\000\040\000D\000o\000c\000u\000m\000e\000n\000t\000a\000t\000i\000o\000n}{section.5.5}
\BOOKMARK [3][-]{subsubsection.5.5.2.1}{\376\377\000c\000b\000u\000f\000f\000G\000e\000t\000F\000i\000l\000l}{subsection.5.5.2}
\BOOKMARK [3][-]{subsubsection.5.5.2.2}{\376\377\000c\000b\000u\000f\000f\000G\000e\000t\000S\000p\000a\000c\000e}{subsection.5.5.2}
\BOOKMARK [1][-]{section.5.6}{\376\377\000C\000l\000e\000a\000r\000\040\000B\000u\000f\000f\000e\000r\000\040\000F\000u\000n\000c\000t\000i\000o\000n\000s}{chapter.5}
\BOOKMARK [2][-]{subsection.5.6.1}{\376\377\000D\000e\000t\000a\000i\000l\000e\000d\000\040\000D\000e\000s\000c\000r\000i\000p\000t\000i\000o\000n}{section.5.6}
\BOOKMARK [2][-]{subsection.5.6.2}{\376\377\000F\000u\000n\000c\000t\000i\000o\000n\000\040\000D\000o\000c\000u\000m\000e\000n\000t\000a\000t\000i\000o\000n}{section.5.6}
\BOOKMARK [3][-]{subsubsection.5.6.2.1}{\376\377\000c\000b\000u\000f\000f\000C\000l\000e\000a\000r\000B\000u\000f\000f\000e\000r}{subsection.5.6.2}
\BOOKMARK [1][-]{section.5.7}{\376\377\000P\000e\000e\000k\000\040\000B\000u\000f\000f\000e\000r\000\040\000H\000e\000a\000d\000/\000T\000a\000i\000l\000\040\000F\000u\000n\000c\000t\000i\000o\000n\000s}{chapter.5}
\BOOKMARK [2][-]{subsection.5.7.1}{\376\377\000D\000e\000t\000a\000i\000l\000e\000d\000\040\000D\000e\000s\000c\000r\000i\000p\000t\000i\000o\000n}{section.5.7}
\BOOKMARK [2][-]{subsection.5.7.2}{\376\377\000F\000u\000n\000c\000t\000i\000o\000n\000\040\000D\000o\000c\000u\000m\000e\000n\000t\000a\000t\000i\000o\000n}{section.5.7}
\BOOKMARK [3][-]{subsubsection.5.7.2.1}{\376\377\000c\000b\000u\000f\000f\000P\000e\000e\000k\000H\000e\000a\000d}{subsection.5.7.2}
\BOOKMARK [3][-]{subsubsection.5.7.2.2}{\376\377\000c\000b\000u\000f\000f\000P\000e\000e\000k\000T\000a\000i\000l}{subsection.5.7.2}
\BOOKMARK [1][-]{section.5.8}{\376\377\000U\000n\000p\000u\000t\000/\000U\000n\000g\000e\000t\000\040\000B\000u\000f\000f\000e\000r\000\040\000F\000u\000n\000c\000t\000i\000o\000n\000s}{chapter.5}
\BOOKMARK [2][-]{subsection.5.8.1}{\376\377\000D\000e\000t\000a\000i\000l\000e\000d\000\040\000D\000e\000s\000c\000r\000i\000p\000t\000i\000o\000n}{section.5.8}
\BOOKMARK [2][-]{subsection.5.8.2}{\376\377\000F\000u\000n\000c\000t\000i\000o\000n\000\040\000D\000o\000c\000u\000m\000e\000n\000t\000a\000t\000i\000o\000n}{section.5.8}
\BOOKMARK [3][-]{subsubsection.5.8.2.1}{\376\377\000c\000b\000u\000f\000f\000U\000n\000g\000e\000t\000B\000y\000t\000e}{subsection.5.8.2}
\BOOKMARK [3][-]{subsubsection.5.8.2.2}{\376\377\000c\000b\000u\000f\000f\000U\000n\000p\000u\000t\000B\000y\000t\000e}{subsection.5.8.2}
\BOOKMARK [1][-]{section.5.9}{\376\377\000D\000a\000t\000a\000\040\000T\000y\000p\000e\000s\000\040\000N\000e\000e\000d\000e\000d\000\040\000F\000o\000r\000\040\000C\000B\000U\000F\000F\000\040\000U\000s\000e}{chapter.5}
\BOOKMARK [2][-]{subsection.5.9.1}{\376\377\000D\000e\000t\000a\000i\000l\000e\000d\000\040\000D\000e\000s\000c\000r\000i\000p\000t\000i\000o\000n}{section.5.9}
\BOOKMARK [2][-]{subsection.5.9.2}{\376\377\000T\000y\000p\000e\000d\000e\000f\000\040\000D\000o\000c\000u\000m\000e\000n\000t\000a\000t\000i\000o\000n}{section.5.9}
\BOOKMARK [3][-]{subsubsection.5.9.2.1}{\376\377\000C\000B\000U\000F\000F}{subsection.5.9.2}
\BOOKMARK [3][-]{subsubsection.5.9.2.2}{\376\377\000C\000B\000U\000F\000F\000N\000U\000M}{subsection.5.9.2}
\BOOKMARK [3][-]{subsubsection.5.9.2.3}{\376\377\000C\000B\000U\000F\000F\000O\000B\000J}{subsection.5.9.2}
\BOOKMARK [3][-]{subsubsection.5.9.2.4}{\376\377\000H\000C\000B\000U\000F\000F}{subsection.5.9.2}
\BOOKMARK [0][-]{chapter.6}{\376\377\000F\000i\000l\000e\000\040\000D\000o\000c\000u\000m\000e\000n\000t\000a\000t\000i\000o\000n}{}
\BOOKMARK [1][-]{section.6.1}{\376\377\000c\000b\000u\000f\000f\000.\000c\000\040\000F\000i\000l\000e\000\040\000R\000e\000f\000e\000r\000e\000n\000c\000e}{chapter.6}
\BOOKMARK [2][-]{subsection.6.1.1}{\376\377\000D\000e\000t\000a\000i\000l\000e\000d\000\040\000D\000e\000s\000c\000r\000i\000p\000t\000i\000o\000n}{section.6.1}
\BOOKMARK [2][-]{subsection.6.1.2}{\376\377\000D\000e\000f\000i\000n\000e\000\040\000D\000o\000c\000u\000m\000e\000n\000t\000a\000t\000i\000o\000n}{section.6.1}
\BOOKMARK [3][-]{subsubsection.6.1.2.1}{\376\377\000C\000B\000U\000F\000F\000\137\000M\000O\000D\000U\000L\000E\000\137\000\137}{subsection.6.1.2}
\BOOKMARK [1][-]{section.6.2}{\376\377\000c\000b\000u\000f\000f\000.\000h\000\040\000F\000i\000l\000e\000\040\000R\000e\000f\000e\000r\000e\000n\000c\000e}{chapter.6}
\BOOKMARK [2][-]{subsection.6.2.1}{\376\377\000D\000e\000t\000a\000i\000l\000e\000d\000\040\000D\000e\000s\000c\000r\000i\000p\000t\000i\000o\000n}{section.6.2}
\BOOKMARK [2][-]{subsection.6.2.2}{\376\377\000D\000e\000f\000i\000n\000e\000\040\000D\000o\000c\000u\000m\000e\000n\000t\000a\000t\000i\000o\000n}{section.6.2}
\BOOKMARK [3][-]{subsubsection.6.2.2.1}{\376\377\000C\000B\000U\000F\000F\000\137\000D\000E\000S\000T\000R\000O\000Y\000\137\000F\000A\000I\000L}{subsection.6.2.2}
\BOOKMARK [3][-]{subsubsection.6.2.2.2}{\376\377\000C\000B\000U\000F\000F\000\137\000D\000E\000S\000T\000R\000O\000Y\000\137\000O\000K}{subsection.6.2.2}
\BOOKMARK [3][-]{subsubsection.6.2.2.3}{\376\377\000C\000B\000U\000F\000F\000\137\000G\000E\000T\000\137\000F\000A\000I\000L}{subsection.6.2.2}
\BOOKMARK [3][-]{subsubsection.6.2.2.4}{\376\377\000C\000B\000U\000F\000F\000\137\000G\000E\000T\000\137\000O\000K}{subsection.6.2.2}
\BOOKMARK [3][-]{subsubsection.6.2.2.5}{\376\377\000C\000B\000U\000F\000F\000\137\000P\000U\000T\000\137\000F\000A\000I\000L}{subsection.6.2.2}
\BOOKMARK [3][-]{subsubsection.6.2.2.6}{\376\377\000C\000B\000U\000F\000F\000\137\000P\000U\000T\000\137\000O\000K}{subsection.6.2.2}
